Start testing: Oct 18 12:13 EDT
----------------------------------------------------------
1/1 Testing: ll_test
1/1 Test: ll_test
Command: "/home/james/Code/CS3141/ProjectSRC/NetworkHealthMonitor/CentralServer/tests/ll_test"
Directory: /home/james/Code/CS3141/ProjectSRC/NetworkHealthMonitor/CentralServer/tests
"ll_test" start time: Oct 18 12:13 EDT
Output:
----------------------------------------------------------
Running suite(s): linked_list
0%: Checks: 1, Failures: 1, Errors: 0
/home/james/Code/CS3141/ProjectSRC/NetworkHealthMonitor/CentralServer/tests/ll_test.c:18:F:Core:list_insert_and_remove:0: Assertion 'mk == ll_search_node(&l, (void*)&ints[i], sizeof(int))' failed: mk == 0, ll_search_node(&l, (void*)&ints[i], sizeof(int)) == 0x1e695340
<end of output>
Test time =   0.00 sec
----------------------------------------------------------
Test Failed.
"ll_test" end time: Oct 18 12:13 EDT
"ll_test" time elapsed: 00:00:00
----------------------------------------------------------

End testing: Oct 18 12:13 EDT
